2026/03/01 14:47:19 [notice] 1#1: using the "epoll" event method
2026/03/01 14:47:19 [notice] 1#1: nginx/1.29.5
2026/03/01 14:47:19 [notice] 1#1: built by gcc 14.2.0 (Debian 14.2.0-19) 
2026/03/01 14:47:19 [notice] 1#1: OS: Linux 6.12.67-linuxkit
2026/03/01 14:47:19 [notice] 1#1: getrlimit(RLIMIT_NOFILE): 1048576:1048576
2026/03/01 14:47:19 [notice] 1#1: start worker processes
2026/03/01 14:47:19 [notice] 1#1: start worker process 29
2026/03/01 14:47:19 [notice] 1#1: start worker process 30
2026/03/01 14:47:19 [notice] 1#1: start worker process 31
2026/03/01 14:47:19 [notice] 1#1: start worker process 32
2026/03/01 14:47:42 [error] 30#30: *1 open() "/usr/share/nginx/html/favicon.ico" failed (2: No such file or directory), client: 172.19.0.1, server: localhost, request: "GET /favicon.ico HTTP/1.1", host: "localhost:8081", referrer: "http://localhost:8081/"
2026/03/01 14:59:52 [notice] 1#1: signal 3 (SIGQUIT) received, shutting down
2026/03/01 14:59:52 [notice] 30#30: gracefully shutting down
2026/03/01 14:59:52 [notice] 31#31: gracefully shutting down
2026/03/01 14:59:52 [notice] 32#32: gracefully shutting down
2026/03/01 14:59:52 [notice] 29#29: gracefully shutting down
2026/03/01 14:59:52 [notice] 30#30: exiting
2026/03/01 14:59:52 [notice] 31#31: exiting
2026/03/01 14:59:52 [notice] 32#32: exiting
2026/03/01 14:59:52 [notice] 29#29: exiting
2026/03/01 14:59:52 [notice] 32#32: exit
2026/03/01 14:59:52 [notice] 31#31: exit
2026/03/01 14:59:52 [notice] 29#29: exit
2026/03/01 14:59:52 [notice] 30#30: exit
2026/03/01 14:59:53 [notice] 1#1: signal 17 (SIGCHLD) received from 31
2026/03/01 14:59:53 [notice] 1#1: worker process 29 exited with code 0
2026/03/01 14:59:53 [notice] 1#1: worker process 30 exited with code 0
2026/03/01 14:59:53 [notice] 1#1: worker process 31 exited with code 0
2026/03/01 14:59:53 [notice] 1#1: worker process 32 exited with code 0
2026/03/01 14:59:53 [notice] 1#1: exit
2026/03/01 15:00:15 [notice] 1#1: using the "epoll" event method
2026/03/01 15:00:15 [notice] 1#1: nginx/1.29.5
2026/03/01 15:00:15 [notice] 1#1: built by gcc 14.2.0 (Debian 14.2.0-19) 
2026/03/01 15:00:15 [notice] 1#1: OS: Linux 6.12.67-linuxkit
2026/03/01 15:00:15 [notice] 1#1: getrlimit(RLIMIT_NOFILE): 1048576:1048576
2026/03/01 15:00:15 [notice] 1#1: start worker processes
2026/03/01 15:00:15 [notice] 1#1: start worker process 30
2026/03/01 15:00:15 [notice] 1#1: start worker process 31
2026/03/01 15:00:15 [notice] 1#1: start worker process 32
2026/03/01 15:00:15 [notice] 1#1: start worker process 33
